Build started 9/17/2015 7:27:22 PM.
     1>Project "C:\MicrosoftProjects\Video\GrabImage\GrabImage.vcxproj" on node 2 (rebuild target(s)).
     1>_PrepareForClean:
         Deleting file "Debug\GrabImage.lastbuildstate".
       InitializeBuildStatus:
         Creating "Debug\GrabImage.unsuccessfulbuild" because "AlwaysCreate" was specified.
       ClCompile:
         C:\Program Files (x86)\Microsoft Visual Studio 10.0\VC\bin\CL.exe /c /I"C:\Program Files\Microsoft SDKs\Windows\v7.0\Samples\multimedia\directshow\baseclasses" /I"C:\Program Files (x86)\Microsoft DirectX SDK (June 2010)\Include" /I"C:\Program Files\Microsoft SDKs\Windows\v7.0\Include" /ZI /nologo /W3 /WX- /Od /Oy- /D WIN32 /D _DEBUG /D _WINDOWS /D _USRDLL /D GRABIMAGE_EXPORTS /D _VC80_UPGRADE=0x0710 /D _WINDLL /D _MBCS /Gm /EHsc /RTC1 /MDd /GS /fp:precise /Zc:wchar_t /Zc:forScope /Fo"Debug\\" /Fd"Debug\vc100.pdb" /Gd /TP /analyze- /errorReport:prompt GrabImage.cpp Utils.cpp
         Utils.cpp
         GrabImage.cpp
     1>c:\microsoftprojects\video\grabimage\grabimage.cpp(79): warning C4996: 'fopen': This function or variable may be unsafe. Consider using fopen_s instead. To disable deprecation, use _CRT_SECURE_NO_WARNINGS. See online help for details.
                 c:\program files (x86)\microsoft visual studio 10.0\vc\include\stdio.h(234) : see declaration of 'fopen'
     1>c:\microsoftprojects\video\grabimage\grabimage.cpp(333): warning C4244: '*=' : conversion from 'float' to 'LONG', possible loss of data
     1>c:\microsoftprojects\video\grabimage\grabimage.cpp(338): warning C4244: '*=' : conversion from 'float' to 'LONG', possible loss of data
         Generating Code...
       ManifestResourceCompile:
         C:\Program Files (x86)\Microsoft SDKs\Windows\v7.0A\bin\rc.exe /nologo /fo"Debug\GrabImage.dll.embed.manifest.res" Debug\GrabImage_manifest.rc 
       Link:
         C:\Program Files (x86)\Microsoft Visual Studio 10.0\VC\bin\link.exe /ERRORREPORT:PROMPT /OUT:"Debug\GrabImage.dll" /INCREMENTAL /NOLOGO "C:\Program Files\Microsoft SDKs\Windows\v7.0\Samples\Multimedia\DirectShow\BaseClasses\Debug\strmbasd.lib" quartz.lib winmm.lib msacm32.lib olepro32.lib strmiids.lib kernel32.lib user32.lib gdi32.lib winspool.lib comdlg32.lib advapi32.lib shell32.lib ole32.lib oleaut32.lib uuid.lib odbc32.lib odbccp32.lib /DEF:"GrabImage.def" /MANIFEST /ManifestFile:"Debug\GrabImage.dll.intermediate.manifest" /MANIFESTUAC:"level='asInvoker' uiAccess='false'" /DEBUG /PDB:"C:\MicrosoftProjects\Video\GrabImage\Debug\GrabImage.pdb" /SUBSYSTEM:WINDOWS /TLBID:1 /DYNAMICBASE:NO /IMPLIB:"Debug\GrabImage.lib" /MACHINE:X86 /DLL Debug\GrabImage.dll.embed.manifest.res
         Debug\GrabImage.obj
         Debug\Utils.obj
            Creating library Debug\GrabImage.lib and object Debug\GrabImage.exp
       Manifest:
         Deleting file "Debug\GrabImage.dll.embed.manifest".
         C:\Program Files (x86)\Microsoft SDKs\Windows\v7.0A\bin\mt.exe /nologo /verbose /out:"Debug\GrabImage.dll.embed.manifest" /manifest Debug\GrabImage.dll.intermediate.manifest
         C:\Program Files (x86)\Microsoft SDKs\Windows\v7.0A\bin\rc.exe /nologo /fo"Debug\GrabImage.dll.embed.manifest.res" Debug\GrabImage_manifest.rc 
       LinkEmbedManifest:
         C:\Program Files (x86)\Microsoft Visual Studio 10.0\VC\bin\link.exe /ERRORREPORT:PROMPT /OUT:"Debug\GrabImage.dll" /INCREMENTAL /NOLOGO "C:\Program Files\Microsoft SDKs\Windows\v7.0\Samples\Multimedia\DirectShow\BaseClasses\Debug\strmbasd.lib" quartz.lib winmm.lib msacm32.lib olepro32.lib strmiids.lib kernel32.lib user32.lib gdi32.lib winspool.lib comdlg32.lib advapi32.lib shell32.lib ole32.lib oleaut32.lib uuid.lib odbc32.lib odbccp32.lib /DEF:"GrabImage.def" /MANIFEST /ManifestFile:"Debug\GrabImage.dll.intermediate.manifest" /MANIFESTUAC:"level='asInvoker' uiAccess='false'" /DEBUG /PDB:"C:\MicrosoftProjects\Video\GrabImage\Debug\GrabImage.pdb" /SUBSYSTEM:WINDOWS /TLBID:1 /DYNAMICBASE:NO /IMPLIB:"Debug\GrabImage.lib" /MACHINE:X86 /DLL Debug\GrabImage.dll.embed.manifest.res
         Debug\GrabImage.obj
         Debug\Utils.obj
            Creating library Debug\GrabImage.lib and object Debug\GrabImage.exp
         GrabImage.vcxproj -> C:\MicrosoftProjects\Video\GrabImage\Debug\GrabImage.dll
       PostBuildEvent:
         xcopy /Y Debug\GrabImage.dll C:\MicrosoftProjects\Video\GrabImage\GrabImageClient\bin\Debug
         xcopy /Y Debug\GrabImage.dll C:\MicrosoftProjects\Video\GrabImage\GrabImageClientVB\bin\Debug
         :VCEnd
         Debug\GrabImage.dll
         1 File(s) copied
         Debug\GrabImage.dll
         1 File(s) copied
       FinalizeBuildStatus:
         Deleting file "Debug\GrabImage.unsuccessfulbuild".
         Touching "Debug\GrabImage.lastbuildstate".
     1>Done Building Project "C:\MicrosoftProjects\Video\GrabImage\GrabImage.vcxproj" (rebuild target(s)).

Build succeeded.

Time Elapsed 00:00:04.50
