C:\MicrosoftProjects\Video\GrabImage\Debug\cl.command.1.tlog
C:\MicrosoftProjects\Video\GrabImage\Debug\CL.read.1.tlog
C:\MicrosoftProjects\Video\GrabImage\Debug\CL.write.1.tlog
C:\MICROSOFTPROJECTS\VIDEO\GRABIMAGE\DEBUG\GRABIMAGE.DLL
C:\MICROSOFTPROJECTS\VIDEO\GRABIMAGE\DEBUG\GRABIMAGE.DLL.EMBED.MANIFEST
C:\MICROSOFTPROJECTS\VIDEO\GRABIMAGE\DEBUG\GRABIMAGE.DLL.EMBED.MANIFEST.RES
C:\MICROSOFTPROJECTS\VIDEO\GRABIMAGE\DEBUG\GRABIMAGE.DLL.INTERMEDIATE.MANIFEST
C:\MicrosoftProjects\Video\GrabImage\Debug\GrabImage.exp
C:\MICROSOFTPROJECTS\VIDEO\GRABIMAGE\DEBUG\GRABIMAGE.ILK
C:\MicrosoftProjects\Video\GrabImage\Debug\GrabImage.lib
C:\MICROSOFTPROJECTS\VIDEO\GRABIMAGE\DEBUG\GRABIMAGE.OBJ
C:\MICROSOFTPROJECTS\VIDEO\GRABIMAGE\DEBUG\GRABIMAGE.PDB
C:\MicrosoftProjects\Video\GrabImage\Debug\GrabImage.vcxprojResolveAssemblyReference.cache
C:\MicrosoftProjects\Video\GrabImage\Debug\GrabImage.write.1.tlog
C:\MicrosoftProjects\Video\GrabImage\Debug\GrabImage_manifest.rc
C:\MicrosoftProjects\Video\GrabImage\Debug\link.3040.read.1.tlog
C:\MicrosoftProjects\Video\GrabImage\Debug\link.3040.write.1.tlog
C:\MicrosoftProjects\Video\GrabImage\Debug\link.3040-cvtres.read.1.tlog
C:\MicrosoftProjects\Video\GrabImage\Debug\link.3040-cvtres.write.1.tlog
C:\MicrosoftProjects\Video\GrabImage\Debug\link.command.1.tlog
C:\MicrosoftProjects\Video\GrabImage\Debug\link.read.1.tlog
C:\MicrosoftProjects\Video\GrabImage\Debug\link.write.1.tlog
C:\MicrosoftProjects\Video\GrabImage\Debug\link-cvtres.read.1.tlog
C:\MicrosoftProjects\Video\GrabImage\Debug\link-cvtres.write.1.tlog
C:\MicrosoftProjects\Video\GrabImage\Debug\mt.command.1.tlog
C:\MicrosoftProjects\Video\GrabImage\Debug\mt.read.1.tlog
C:\MicrosoftProjects\Video\GrabImage\Debug\mt.write.1.tlog
C:\MicrosoftProjects\Video\GrabImage\Debug\rc.command.1.tlog
C:\MicrosoftProjects\Video\GrabImage\Debug\rc.read.1.tlog
C:\MicrosoftProjects\Video\GrabImage\Debug\rc.write.1.tlog
C:\MICROSOFTPROJECTS\VIDEO\GRABIMAGE\DEBUG\UTILS.OBJ
C:\MicrosoftProjects\Video\GrabImage\Debug\vc100.idb
C:\MICROSOFTPROJECTS\VIDEO\GRABIMAGE\DEBUG\VC100.PDB
Debug\GrabImage.ilk
Debug\GrabImage.pdb
