Build started 9/22/2015 1:45:46 PM.
     1>Project "C:\MicrosoftProjects\Video\GrabImage\GrabImage.vcxproj" on node 2 (rebuild target(s)).
     1>_PrepareForClean:
         Deleting file "Release\GrabImage.lastbuildstate".
       InitializeBuildStatus:
         Creating "Release\GrabImage.unsuccessfulbuild" because "AlwaysCreate" was specified.
       ClCompile:
         C:\Program Files (x86)\Microsoft Visual Studio 10.0\VC\bin\CL.exe /c /I"C:\Program Files\Microsoft SDKs\Windows\v7.0\Samples\multimedia\directshow\baseclasses" /I"C:\Program Files (x86)\Microsoft DirectX SDK (June 2010)\Include" /I"C:\Program Files\Microsoft SDKs\Windows\v7.0\Include" /Zi /nologo /W3 /WX- /O2 /Ob1 /Oy /D WIN32 /D NDEBUG /D _WINDOWS /D _USRDLL /D GRABIMAGE_EXPORTS /D _VC80_UPGRADE=0x0710 /D _WINDLL /D _MBCS /GF /Gm- /EHsc /MD /GS /Gy /fp:precise /Zc:wchar_t /Zc:forScope /Fo"Release\\" /Fd"Release\vc100.pdb" /Gd /TP /analyze- /errorReport:prompt GrabImage.cpp Utils.cpp
         GrabImage.cpp
     1>GrabImage.cpp(333): warning C4244: '*=' : conversion from 'float' to 'LONG', possible loss of data
     1>GrabImage.cpp(338): warning C4244: '*=' : conversion from 'float' to 'LONG', possible loss of data
         Utils.cpp
         Generating Code...
       Link:
         C:\Program Files (x86)\Microsoft Visual Studio 10.0\VC\bin\link.exe /ERRORREPORT:PROMPT /OUT:"Release\GrabImage.dll" /INCREMENTAL:NO /NOLOGO "C:\Program Files\Microsoft SDKs\Windows\v7.0\Samples\Multimedia\DirectShow\BaseClasses\Release\strmbase.lib" quartz.lib winmm.lib msacm32.lib olepro32.lib strmiids.lib kernel32.lib user32.lib gdi32.lib winspool.lib comdlg32.lib advapi32.lib shell32.lib ole32.lib oleaut32.lib uuid.lib odbc32.lib odbccp32.lib /DEF:"GrabImage.def" /MANIFEST /ManifestFile:"Release\GrabImage.dll.intermediate.manifest" /MANIFESTUAC:"level='asInvoker' uiAccess='false'" /DEBUG /PDB:"C:\MicrosoftProjects\Video\GrabImage\Release\GrabImage.pdb" /SUBSYSTEM:WINDOWS /OPT:REF /OPT:ICF /TLBID:1 /DYNAMICBASE:NO /IMPLIB:"Release\GrabImage.lib" /MACHINE:X86 /DLL Release\GrabImage.obj
         Release\Utils.obj
            Creating library Release\GrabImage.lib and object Release\GrabImage.exp
         GrabImage.vcxproj -> C:\MicrosoftProjects\Video\GrabImage\Release\GrabImage.dll
       Manifest:
         C:\Program Files (x86)\Microsoft SDKs\Windows\v7.0A\bin\mt.exe /nologo /verbose /outputresource:"Release\GrabImage.dll;#2" /manifest Release\GrabImage.dll.intermediate.manifest
       PostBuildEvent:
         xcopy /Y Release\GrabImage.dll C:\MicrosoftProjects\Video\GrabImage\GrabImageClient\bin\Release
         xcopy /Y Release\GrabImage.dll C:\MicrosoftProjects\Video\GrabImage\GrabImageClientVB\bin\Release
         :VCEnd
         Release\GrabImage.dll
         1 File(s) copied
         Release\GrabImage.dll
         1 File(s) copied
       FinalizeBuildStatus:
         Deleting file "Release\GrabImage.unsuccessfulbuild".
         Touching "Release\GrabImage.lastbuildstate".
     1>Done Building Project "C:\MicrosoftProjects\Video\GrabImage\GrabImage.vcxproj" (rebuild target(s)).

Build succeeded.

Time Elapsed 00:00:03.46
